2020-05-29 18:00:45,178 CRIT Supervisor is running as root.  Privileges were not dropped because no user is specified in the config file.  If you intend to run as root, you can set user=root in the config file to avoid this message.
2020-05-29 18:00:45,179 INFO Included extra file "/opt/docker/etc/supervisor.d/cron.conf" during parsing
2020-05-29 18:00:45,180 INFO Included extra file "/opt/docker/etc/supervisor.d/dnsmasq.conf" during parsing
2020-05-29 18:00:45,180 INFO Included extra file "/opt/docker/etc/supervisor.d/php-fpm.conf" during parsing
2020-05-29 18:00:45,181 INFO Included extra file "/opt/docker/etc/supervisor.d/postfix.conf" during parsing
2020-05-29 18:00:45,182 INFO Included extra file "/opt/docker/etc/supervisor.d/ssh.conf" during parsing
2020-05-29 18:00:45,183 INFO Included extra file "/opt/docker/etc/supervisor.d/syslog.conf" during parsing
2020-05-29 18:00:45,193 INFO RPC interface 'supervisor' initialized
2020-05-29 18:00:45,197 INFO supervisord started with pid 1
2020-05-29 18:00:46,201 INFO spawned: 'syslogd' with pid 367
2020-05-29 18:00:46,204 INFO spawned: 'php-fpmd' with pid 368
2020-05-29 18:00:46,209 INFO spawned: 'crond' with pid 369
2020-05-29 18:00:46,229 INFO success: php-fpmd entered RUNNING state, process has stayed up for > than 0 seconds (startsecs)
2020-05-29 18:00:46,231 INFO success: crond entered RUNNING state, process has stayed up for > than 0 seconds (startsecs)
2020-05-29 18:00:47,381 INFO success: syslogd entered RUNNING state, process has stayed up for > than 1 seconds (startsecs)
2020-05-29 18:03:09,632 CRIT Supervisor is running as root.  Privileges were not dropped because no user is specified in the config file.  If you intend to run as root, you can set user=root in the config file to avoid this message.
2020-05-29 18:03:09,635 INFO Included extra file "/opt/docker/etc/supervisor.d/cron.conf" during parsing
2020-05-29 18:03:09,636 INFO Included extra file "/opt/docker/etc/supervisor.d/dnsmasq.conf" during parsing
2020-05-29 18:03:09,637 INFO Included extra file "/opt/docker/etc/supervisor.d/php-fpm.conf" during parsing
2020-05-29 18:03:09,638 INFO Included extra file "/opt/docker/etc/supervisor.d/postfix.conf" during parsing
2020-05-29 18:03:09,641 INFO Included extra file "/opt/docker/etc/supervisor.d/ssh.conf" during parsing
2020-05-29 18:03:09,642 INFO Included extra file "/opt/docker/etc/supervisor.d/syslog.conf" during parsing
2020-05-29 18:03:09,956 INFO RPC interface 'supervisor' initialized
2020-05-29 18:03:09,963 INFO supervisord started with pid 1
2020-05-29 18:03:10,966 INFO spawned: 'syslogd' with pid 55
2020-05-29 18:03:10,969 INFO spawned: 'php-fpmd' with pid 56
2020-05-29 18:03:10,974 INFO spawned: 'crond' with pid 57
2020-05-29 18:03:10,983 INFO success: php-fpmd entered RUNNING state, process has stayed up for > than 0 seconds (startsecs)
2020-05-29 18:03:10,984 INFO success: crond entered RUNNING state, process has stayed up for > than 0 seconds (startsecs)
2020-05-29 18:03:12,155 INFO success: syslogd entered RUNNING state, process has stayed up for > than 1 seconds (startsecs)
2020-05-29 18:04:21,996 CRIT Supervisor is running as root.  Privileges were not dropped because no user is specified in the config file.  If you intend to run as root, you can set user=root in the config file to avoid this message.
2020-05-29 18:04:21,998 INFO Included extra file "/opt/docker/etc/supervisor.d/cron.conf" during parsing
2020-05-29 18:04:21,999 INFO Included extra file "/opt/docker/etc/supervisor.d/dnsmasq.conf" during parsing
2020-05-29 18:04:22,000 INFO Included extra file "/opt/docker/etc/supervisor.d/php-fpm.conf" during parsing
2020-05-29 18:04:22,001 INFO Included extra file "/opt/docker/etc/supervisor.d/postfix.conf" during parsing
2020-05-29 18:04:22,002 INFO Included extra file "/opt/docker/etc/supervisor.d/ssh.conf" during parsing
2020-05-29 18:04:22,004 INFO Included extra file "/opt/docker/etc/supervisor.d/syslog.conf" during parsing
2020-05-29 18:04:22,021 INFO RPC interface 'supervisor' initialized
2020-05-29 18:04:22,036 INFO supervisord started with pid 39
2020-05-29 18:04:23,047 INFO spawned: 'syslogd' with pid 45
2020-05-29 18:04:23,052 INFO spawned: 'php-fpmd' with pid 46
2020-05-29 18:04:23,057 INFO spawned: 'crond' with pid 47
2020-05-29 18:04:23,088 INFO success: php-fpmd entered RUNNING state, process has stayed up for > than 0 seconds (startsecs)
2020-05-29 18:04:23,091 INFO success: crond entered RUNNING state, process has stayed up for > than 0 seconds (startsecs)
2020-05-29 18:04:24,452 INFO success: syslogd entered RUNNING state, process has stayed up for > than 1 seconds (startsecs)
2020-05-29 18:05:58,993 CRIT Supervisor is running as root.  Privileges were not dropped because no user is specified in the config file.  If you intend to run as root, you can set user=root in the config file to avoid this message.
2020-05-29 18:05:58,995 INFO Included extra file "/opt/docker/etc/supervisor.d/cron.conf" during parsing
2020-05-29 18:05:58,996 INFO Included extra file "/opt/docker/etc/supervisor.d/dnsmasq.conf" during parsing
2020-05-29 18:05:58,998 INFO Included extra file "/opt/docker/etc/supervisor.d/php-fpm.conf" during parsing
2020-05-29 18:05:59,002 INFO Included extra file "/opt/docker/etc/supervisor.d/postfix.conf" during parsing
2020-05-29 18:05:59,003 INFO Included extra file "/opt/docker/etc/supervisor.d/ssh.conf" during parsing
2020-05-29 18:05:59,004 INFO Included extra file "/opt/docker/etc/supervisor.d/syslog.conf" during parsing
2020-05-29 18:05:59,367 INFO RPC interface 'supervisor' initialized
2020-05-29 18:05:59,376 INFO supervisord started with pid 40
2020-05-29 18:06:00,381 INFO spawned: 'syslogd' with pid 46
2020-05-29 18:06:00,385 INFO spawned: 'php-fpmd' with pid 47
2020-05-29 18:06:00,390 INFO spawned: 'crond' with pid 48
2020-05-29 18:06:00,403 INFO success: php-fpmd entered RUNNING state, process has stayed up for > than 0 seconds (startsecs)
2020-05-29 18:06:00,405 INFO success: crond entered RUNNING state, process has stayed up for > than 0 seconds (startsecs)
2020-05-29 18:06:01,718 INFO success: syslogd entered RUNNING state, process has stayed up for > than 1 seconds (startsecs)
2020-05-29 18:17:18,047 CRIT Supervisor is running as root.  Privileges were not dropped because no user is specified in the config file.  If you intend to run as root, you can set user=root in the config file to avoid this message.
2020-05-29 18:17:18,048 INFO Included extra file "/opt/docker/etc/supervisor.d/cron.conf" during parsing
2020-05-29 18:17:18,050 INFO Included extra file "/opt/docker/etc/supervisor.d/dnsmasq.conf" during parsing
2020-05-29 18:17:18,051 INFO Included extra file "/opt/docker/etc/supervisor.d/php-fpm.conf" during parsing
2020-05-29 18:17:18,052 INFO Included extra file "/opt/docker/etc/supervisor.d/postfix.conf" during parsing
2020-05-29 18:17:18,054 INFO Included extra file "/opt/docker/etc/supervisor.d/ssh.conf" during parsing
2020-05-29 18:17:18,056 INFO Included extra file "/opt/docker/etc/supervisor.d/syslog.conf" during parsing
2020-05-29 18:17:18,079 INFO RPC interface 'supervisor' initialized
2020-05-29 18:17:18,088 INFO supervisord started with pid 1
2020-05-29 18:17:19,096 INFO spawned: 'syslogd' with pid 345
2020-05-29 18:17:19,099 INFO spawned: 'php-fpmd' with pid 346
2020-05-29 18:17:19,104 INFO spawned: 'crond' with pid 347
2020-05-29 18:17:19,117 INFO success: php-fpmd entered RUNNING state, process has stayed up for > than 0 seconds (startsecs)
2020-05-29 18:17:19,119 INFO success: crond entered RUNNING state, process has stayed up for > than 0 seconds (startsecs)
2020-05-29 18:17:20,482 INFO success: syslogd entered RUNNING state, process has stayed up for > than 1 seconds (startsecs)
2020-05-29 18:21:16,338 WARN received SIGQUIT indicating exit request
2020-05-29 18:21:16,340 INFO waiting for php-fpmd, crond, syslogd to die
2020-05-29 18:21:18,349 INFO stopped: crond (terminated by SIGTERM)
2020-05-29 18:21:18,410 INFO stopped: php-fpmd (exit status 0)
2020-05-29 18:21:19,412 INFO waiting for syslogd to die
2020-05-29 18:21:19,519 INFO stopped: syslogd (exit status 0)
2020-05-29 18:21:28,357 CRIT Supervisor is running as root.  Privileges were not dropped because no user is specified in the config file.  If you intend to run as root, you can set user=root in the config file to avoid this message.
2020-05-29 18:21:28,359 INFO Included extra file "/opt/docker/etc/supervisor.d/cron.conf" during parsing
2020-05-29 18:21:28,361 INFO Included extra file "/opt/docker/etc/supervisor.d/dnsmasq.conf" during parsing
2020-05-29 18:21:28,365 INFO Included extra file "/opt/docker/etc/supervisor.d/php-fpm.conf" during parsing
2020-05-29 18:21:28,366 INFO Included extra file "/opt/docker/etc/supervisor.d/postfix.conf" during parsing
2020-05-29 18:21:28,367 INFO Included extra file "/opt/docker/etc/supervisor.d/ssh.conf" during parsing
2020-05-29 18:21:28,368 INFO Included extra file "/opt/docker/etc/supervisor.d/syslog.conf" during parsing
2020-05-29 18:21:28,386 INFO RPC interface 'supervisor' initialized
2020-05-29 18:21:28,391 INFO supervisord started with pid 1
2020-05-29 18:21:29,398 INFO spawned: 'syslogd' with pid 295
2020-05-29 18:21:29,402 INFO spawned: 'php-fpmd' with pid 296
2020-05-29 18:21:29,404 INFO spawned: 'crond' with pid 297
2020-05-29 18:21:29,414 INFO success: php-fpmd entered RUNNING state, process has stayed up for > than 0 seconds (startsecs)
2020-05-29 18:21:29,416 INFO success: crond entered RUNNING state, process has stayed up for > than 0 seconds (startsecs)
2020-05-29 18:21:30,547 INFO success: syslogd entered RUNNING state, process has stayed up for > than 1 seconds (startsecs)
2020-06-01 06:53:28,229 WARN received SIGQUIT indicating exit request
2020-06-01 06:53:28,248 INFO waiting for php-fpmd, crond, syslogd to die
2020-06-01 06:53:30,292 INFO stopped: crond (terminated by SIGTERM)
2020-06-01 06:53:30,644 INFO stopped: php-fpmd (exit status 0)
2020-06-01 06:53:31,646 INFO waiting for syslogd to die
2020-06-01 06:53:31,765 INFO stopped: syslogd (exit status 0)
2020-06-03 16:13:15,096 CRIT Supervisor is running as root.  Privileges were not dropped because no user is specified in the config file.  If you intend to run as root, you can set user=root in the config file to avoid this message.
2020-06-03 16:13:15,097 INFO Included extra file "/opt/docker/etc/supervisor.d/cron.conf" during parsing
2020-06-03 16:13:15,097 INFO Included extra file "/opt/docker/etc/supervisor.d/dnsmasq.conf" during parsing
2020-06-03 16:13:15,098 INFO Included extra file "/opt/docker/etc/supervisor.d/php-fpm.conf" during parsing
2020-06-03 16:13:15,099 INFO Included extra file "/opt/docker/etc/supervisor.d/postfix.conf" during parsing
2020-06-03 16:13:15,100 INFO Included extra file "/opt/docker/etc/supervisor.d/ssh.conf" during parsing
2020-06-03 16:13:15,100 INFO Included extra file "/opt/docker/etc/supervisor.d/syslog.conf" during parsing
2020-06-03 16:13:15,112 INFO RPC interface 'supervisor' initialized
2020-06-03 16:13:15,116 INFO supervisord started with pid 1
2020-06-03 16:13:16,121 INFO spawned: 'syslogd' with pid 294
2020-06-03 16:13:16,125 INFO spawned: 'php-fpmd' with pid 295
2020-06-03 16:13:16,128 INFO spawned: 'crond' with pid 296
2020-06-03 16:13:16,136 INFO success: php-fpmd entered RUNNING state, process has stayed up for > than 0 seconds (startsecs)
2020-06-03 16:13:16,137 INFO success: crond entered RUNNING state, process has stayed up for > than 0 seconds (startsecs)
2020-06-03 16:13:17,337 INFO success: syslogd entered RUNNING state, process has stayed up for > than 1 seconds (startsecs)
2020-06-03 18:02:34,647 WARN received SIGQUIT indicating exit request
2020-06-03 18:02:34,652 INFO waiting for php-fpmd, crond, syslogd to die
2020-06-03 18:02:36,661 INFO stopped: crond (terminated by SIGTERM)
2020-06-03 18:02:36,710 INFO stopped: php-fpmd (exit status 0)
2020-06-03 18:02:37,679 INFO waiting for syslogd to die
2020-06-03 18:02:37,788 INFO stopped: syslogd (exit status 0)
2020-06-03 18:02:48,045 CRIT Supervisor is running as root.  Privileges were not dropped because no user is specified in the config file.  If you intend to run as root, you can set user=root in the config file to avoid this message.
2020-06-03 18:02:48,046 INFO Included extra file "/opt/docker/etc/supervisor.d/cron.conf" during parsing
2020-06-03 18:02:48,047 INFO Included extra file "/opt/docker/etc/supervisor.d/dnsmasq.conf" during parsing
2020-06-03 18:02:48,048 INFO Included extra file "/opt/docker/etc/supervisor.d/php-fpm.conf" during parsing
2020-06-03 18:02:48,050 INFO Included extra file "/opt/docker/etc/supervisor.d/postfix.conf" during parsing
2020-06-03 18:02:48,051 INFO Included extra file "/opt/docker/etc/supervisor.d/ssh.conf" during parsing
2020-06-03 18:02:48,052 INFO Included extra file "/opt/docker/etc/supervisor.d/syslog.conf" during parsing
2020-06-03 18:02:48,066 INFO RPC interface 'supervisor' initialized
2020-06-03 18:02:48,074 INFO supervisord started with pid 1
2020-06-03 18:02:49,083 INFO spawned: 'syslogd' with pid 294
2020-06-03 18:02:49,090 INFO spawned: 'php-fpmd' with pid 295
2020-06-03 18:02:49,096 INFO spawned: 'crond' with pid 296
2020-06-03 18:02:49,111 INFO success: php-fpmd entered RUNNING state, process has stayed up for > than 0 seconds (startsecs)
2020-06-03 18:02:49,114 INFO success: crond entered RUNNING state, process has stayed up for > than 0 seconds (startsecs)
2020-06-03 18:02:50,379 INFO success: syslogd entered RUNNING state, process has stayed up for > than 1 seconds (startsecs)
2020-06-03 18:03:57,992 WARN received SIGQUIT indicating exit request
2020-06-03 18:03:57,997 INFO waiting for php-fpmd, crond, syslogd to die
2020-06-03 18:04:00,004 INFO stopped: crond (terminated by SIGTERM)
2020-06-03 18:04:00,027 INFO stopped: php-fpmd (exit status 0)
2020-06-03 18:04:01,032 INFO waiting for syslogd to die
2020-06-03 18:04:01,142 INFO stopped: syslogd (exit status 0)
2020-06-03 18:05:25,407 CRIT Supervisor is running as root.  Privileges were not dropped because no user is specified in the config file.  If you intend to run as root, you can set user=root in the config file to avoid this message.
2020-06-03 18:05:25,409 INFO Included extra file "/opt/docker/etc/supervisor.d/cron.conf" during parsing
2020-06-03 18:05:25,411 INFO Included extra file "/opt/docker/etc/supervisor.d/dnsmasq.conf" during parsing
2020-06-03 18:05:25,417 INFO Included extra file "/opt/docker/etc/supervisor.d/php-fpm.conf" during parsing
2020-06-03 18:05:25,419 INFO Included extra file "/opt/docker/etc/supervisor.d/postfix.conf" during parsing
2020-06-03 18:05:25,420 INFO Included extra file "/opt/docker/etc/supervisor.d/ssh.conf" during parsing
2020-06-03 18:05:25,421 INFO Included extra file "/opt/docker/etc/supervisor.d/syslog.conf" during parsing
2020-06-03 18:05:25,456 INFO RPC interface 'supervisor' initialized
2020-06-03 18:05:25,482 INFO supervisord started with pid 1
2020-06-03 18:05:26,497 INFO spawned: 'syslogd' with pid 295
2020-06-03 18:05:26,513 INFO spawned: 'php-fpmd' with pid 296
2020-06-03 18:05:26,530 INFO spawned: 'crond' with pid 297
2020-06-03 18:05:26,535 INFO success: php-fpmd entered RUNNING state, process has stayed up for > than 0 seconds (startsecs)
2020-06-03 18:05:26,542 INFO success: crond entered RUNNING state, process has stayed up for > than 0 seconds (startsecs)
2020-06-03 18:05:27,831 INFO success: syslogd entered RUNNING state, process has stayed up for > than 1 seconds (startsecs)
2020-06-04 06:52:35,409 WARN received SIGQUIT indicating exit request
2020-06-04 06:52:35,412 INFO waiting for php-fpmd, crond, syslogd to die
2020-06-04 06:52:37,418 INFO stopped: crond (terminated by SIGTERM)
2020-06-04 06:52:37,621 INFO stopped: php-fpmd (exit status 0)
2020-06-04 06:52:38,623 INFO waiting for syslogd to die
2020-06-04 06:52:38,735 INFO stopped: syslogd (exit status 0)
2020-06-04 08:09:34,290 CRIT Supervisor is running as root.  Privileges were not dropped because no user is specified in the config file.  If you intend to run as root, you can set user=root in the config file to avoid this message.
2020-06-04 08:09:34,291 INFO Included extra file "/opt/docker/etc/supervisor.d/cron.conf" during parsing
2020-06-04 08:09:34,292 INFO Included extra file "/opt/docker/etc/supervisor.d/dnsmasq.conf" during parsing
2020-06-04 08:09:34,293 INFO Included extra file "/opt/docker/etc/supervisor.d/php-fpm.conf" during parsing
2020-06-04 08:09:34,294 INFO Included extra file "/opt/docker/etc/supervisor.d/postfix.conf" during parsing
2020-06-04 08:09:34,295 INFO Included extra file "/opt/docker/etc/supervisor.d/ssh.conf" during parsing
2020-06-04 08:09:34,296 INFO Included extra file "/opt/docker/etc/supervisor.d/syslog.conf" during parsing
2020-06-04 08:09:34,311 INFO RPC interface 'supervisor' initialized
2020-06-04 08:09:34,317 INFO supervisord started with pid 1
2020-06-04 08:09:35,326 INFO spawned: 'syslogd' with pid 297
2020-06-04 08:09:35,336 INFO spawned: 'php-fpmd' with pid 298
2020-06-04 08:09:35,342 INFO spawned: 'crond' with pid 299
2020-06-04 08:09:35,344 INFO success: php-fpmd entered RUNNING state, process has stayed up for > than 0 seconds (startsecs)
2020-06-04 08:09:35,346 INFO success: crond entered RUNNING state, process has stayed up for > than 0 seconds (startsecs)
2020-06-04 08:09:36,619 INFO success: syslogd entered RUNNING state, process has stayed up for > than 1 seconds (startsecs)
2020-06-06 16:10:30,906 CRIT Supervisor is running as root.  Privileges were not dropped because no user is specified in the config file.  If you intend to run as root, you can set user=root in the config file to avoid this message.
2020-06-06 16:10:30,908 INFO Included extra file "/opt/docker/etc/supervisor.d/cron.conf" during parsing
2020-06-06 16:10:30,909 INFO Included extra file "/opt/docker/etc/supervisor.d/dnsmasq.conf" during parsing
2020-06-06 16:10:30,911 INFO Included extra file "/opt/docker/etc/supervisor.d/php-fpm.conf" during parsing
2020-06-06 16:10:30,917 INFO Included extra file "/opt/docker/etc/supervisor.d/postfix.conf" during parsing
2020-06-06 16:10:30,921 INFO Included extra file "/opt/docker/etc/supervisor.d/ssh.conf" during parsing
2020-06-06 16:10:30,925 INFO Included extra file "/opt/docker/etc/supervisor.d/syslog.conf" during parsing
2020-06-06 16:10:31,263 INFO RPC interface 'supervisor' initialized
2020-06-06 16:10:31,273 INFO supervisord started with pid 1
2020-06-06 16:10:32,278 INFO spawned: 'syslogd' with pid 294
2020-06-06 16:10:32,285 INFO spawned: 'php-fpmd' with pid 295
2020-06-06 16:10:32,296 INFO spawned: 'crond' with pid 296
2020-06-06 16:10:32,307 INFO success: php-fpmd entered RUNNING state, process has stayed up for > than 0 seconds (startsecs)
2020-06-06 16:10:32,310 INFO success: crond entered RUNNING state, process has stayed up for > than 0 seconds (startsecs)
2020-06-06 16:10:33,913 INFO success: syslogd entered RUNNING state, process has stayed up for > than 1 seconds (startsecs)
2020-06-06 16:11:06,553 WARN received SIGQUIT indicating exit request
2020-06-06 16:11:06,557 INFO waiting for php-fpmd, crond, syslogd to die
2020-06-06 16:11:08,571 INFO stopped: crond (terminated by SIGTERM)
2020-06-06 16:11:08,606 INFO stopped: php-fpmd (exit status 0)
2020-06-06 16:11:09,613 INFO waiting for syslogd to die
2020-06-06 16:11:09,717 INFO stopped: syslogd (exit status 0)
2020-06-06 16:12:30,212 CRIT Supervisor is running as root.  Privileges were not dropped because no user is specified in the config file.  If you intend to run as root, you can set user=root in the config file to avoid this message.
2020-06-06 16:12:30,213 INFO Included extra file "/opt/docker/etc/supervisor.d/cron.conf" during parsing
2020-06-06 16:12:30,214 INFO Included extra file "/opt/docker/etc/supervisor.d/dnsmasq.conf" during parsing
2020-06-06 16:12:30,215 INFO Included extra file "/opt/docker/etc/supervisor.d/php-fpm.conf" during parsing
2020-06-06 16:12:30,216 INFO Included extra file "/opt/docker/etc/supervisor.d/postfix.conf" during parsing
2020-06-06 16:12:30,216 INFO Included extra file "/opt/docker/etc/supervisor.d/ssh.conf" during parsing
2020-06-06 16:12:30,217 INFO Included extra file "/opt/docker/etc/supervisor.d/syslog.conf" during parsing
2020-06-06 16:12:30,230 INFO RPC interface 'supervisor' initialized
2020-06-06 16:12:30,237 INFO supervisord started with pid 1
2020-06-06 16:12:31,244 INFO spawned: 'syslogd' with pid 295
2020-06-06 16:12:31,248 INFO spawned: 'php-fpmd' with pid 296
2020-06-06 16:12:31,252 INFO spawned: 'crond' with pid 297
2020-06-06 16:12:31,259 INFO success: php-fpmd entered RUNNING state, process has stayed up for > than 0 seconds (startsecs)
2020-06-06 16:12:31,260 INFO success: crond entered RUNNING state, process has stayed up for > than 0 seconds (startsecs)
2020-06-06 16:12:32,418 INFO success: syslogd entered RUNNING state, process has stayed up for > than 1 seconds (startsecs)
2020-06-06 16:49:28,281 WARN received SIGQUIT indicating exit request
2020-06-06 16:49:28,283 INFO waiting for php-fpmd, crond, syslogd to die
2020-06-06 16:49:30,297 INFO stopped: crond (terminated by SIGTERM)
2020-06-06 16:49:30,319 INFO stopped: php-fpmd (exit status 0)
2020-06-06 16:49:31,328 INFO waiting for syslogd to die
2020-06-06 16:49:31,433 INFO stopped: syslogd (exit status 0)
2020-06-06 16:51:59,161 CRIT Supervisor is running as root.  Privileges were not dropped because no user is specified in the config file.  If you intend to run as root, you can set user=root in the config file to avoid this message.
2020-06-06 16:51:59,162 INFO Included extra file "/opt/docker/etc/supervisor.d/cron.conf" during parsing
2020-06-06 16:51:59,163 INFO Included extra file "/opt/docker/etc/supervisor.d/dnsmasq.conf" during parsing
2020-06-06 16:51:59,164 INFO Included extra file "/opt/docker/etc/supervisor.d/php-fpm.conf" during parsing
2020-06-06 16:51:59,165 INFO Included extra file "/opt/docker/etc/supervisor.d/postfix.conf" during parsing
2020-06-06 16:51:59,167 INFO Included extra file "/opt/docker/etc/supervisor.d/ssh.conf" during parsing
2020-06-06 16:51:59,168 INFO Included extra file "/opt/docker/etc/supervisor.d/syslog.conf" during parsing
2020-06-06 16:51:59,186 INFO RPC interface 'supervisor' initialized
2020-06-06 16:51:59,193 INFO supervisord started with pid 1
2020-06-06 16:52:00,198 INFO spawned: 'syslogd' with pid 294
2020-06-06 16:52:00,202 INFO spawned: 'php-fpmd' with pid 295
2020-06-06 16:52:00,209 INFO spawned: 'crond' with pid 296
2020-06-06 16:52:00,220 INFO success: php-fpmd entered RUNNING state, process has stayed up for > than 0 seconds (startsecs)
2020-06-06 16:52:00,221 INFO success: crond entered RUNNING state, process has stayed up for > than 0 seconds (startsecs)
2020-06-06 16:52:01,394 INFO success: syslogd entered RUNNING state, process has stayed up for > than 1 seconds (startsecs)
